<?xml version="1.0" encoding="UTF-8"?>
<!-- Generated by org.testng.reporters.JUnitReportReporter -->
<testsuite hostname="pop-os" failures="0" tests="1" name="com.crm.googleaccounts.UpdateAccountTest" time="0.000" errors="0" timestamp="2025-04-30T15:13:21 EEST" skipped="0">
  <testcase classname="com.crm.googleaccounts.UpdateAccountTest" name="updateAccount" time="0.000"/>
</testsuite> <!-- com.crm.googleaccounts.UpdateAccountTest -->
