<?xml version="1.0" encoding="UTF-8"?>
<!-- Generated by org.testng.reporters.JUnitReportReporter -->
<testsuite hostname="pop-os" failures="0" tests="1" name="com.crm.googleaccounts.CreateAccountTest" time="1.858" errors="0" timestamp="2025-04-30T15:13:21 EEST" skipped="0">
  <testcase classname="com.crm.googleaccounts.CreateAccountTest" name="createAccount" time="1.858"/>
</testsuite> <!-- com.crm.googleaccounts.CreateAccountTest -->
