<?xml version="1.0" encoding="UTF-8"?>
<!-- Generated by org.testng.reporters.JUnitReportReporter -->
<testsuite hostname="pop-os" failures="0" tests="1" name="com.crm.googleaccounts.ReadAccountTest" time="0.003" errors="0" timestamp="2025-04-30T15:13:21 EEST" skipped="0">
  <testcase classname="com.crm.googleaccounts.ReadAccountTest" name="readAccount" time="0.003"/>
</testsuite> <!-- com.crm.googleaccounts.ReadAccountTest -->
