<?xml version="1.0" encoding="UTF-8"?>
<!-- Generated by org.testng.reporters.JUnitReportReporter -->
<testsuite hostname="pop-os" failures="0" tests="1" name="com.crm.login.LoginTest" time="0.257" errors="0" timestamp="2025-05-05T15:18:59 EEST" skipped="0">
  <testcase classname="com.crm.login.LoginTest" name="testLogin" time="0.257"/>
</testsuite> <!-- com.crm.login.LoginTest -->
